0 info it worked if it ends with ok
1 verbose cli [ 'C:\\Program Files\\nodejs\\node.exe',
1 verbose cli   'C:\\Program Files\\nodejs\\node_modules\\npm\\bin\\npm-cli.js',
1 verbose cli   'install',
1 verbose cli   'bootstrap-material-design' ]
2 info using npm@3.8.6
3 info using node@v5.11.0
4 silly loadCurrentTree Starting
5 silly install loadCurrentTree
6 silly install readLocalPackageData
7 silly fetchPackageMetaData bootstrap-material-design
8 silly fetchNamedPackageData bootstrap-material-design
9 silly mapToRegistry name bootstrap-material-design
10 silly mapToRegistry using default registry
11 silly mapToRegistry registry https://registry.npmjs.org/
12 silly mapToRegistry data Result {
12 silly mapToRegistry   raw: 'bootstrap-material-design',
12 silly mapToRegistry   scope: null,
12 silly mapToRegistry   name: 'bootstrap-material-design',
12 silly mapToRegistry   rawSpec: '',
12 silly mapToRegistry   spec: 'latest',
12 silly mapToRegistry   type: 'tag' }
13 silly mapToRegistry uri https://registry.npmjs.org/bootstrap-material-design
14 verbose request uri https://registry.npmjs.org/bootstrap-material-design
15 verbose request no auth needed
16 info attempt registry request try #1 at 8:39:51 PM
17 verbose request id 1d7d22cd1a065c1a
18 http request GET https://registry.npmjs.org/bootstrap-material-design
19 http 200 https://registry.npmjs.org/bootstrap-material-design
20 verbose headers { server: 'CouchDB/1.5.0 (Erlang OTP/R16B03)',
20 verbose headers   etag: '"1UGI7TPB4VIS2A5VHO4WVNO6X"',
20 verbose headers   'content-type': 'application/json',
20 verbose headers   'cache-control': 'max-age=300',
20 verbose headers   'content-length': '16078',
20 verbose headers   'accept-ranges': 'bytes',
20 verbose headers   date: 'Sun, 24 Apr 2016 18:39:53 GMT',
20 verbose headers   via: '1.1 varnish',
20 verbose headers   age: '0',
20 verbose headers   connection: 'keep-alive',
20 verbose headers   'x-served-by': 'cache-fra1245-FRA',
20 verbose headers   'x-cache': 'MISS',
20 verbose headers   'x-cache-hits': '0',
20 verbose headers   'x-timer': 'S1461523193.195479,VS0,VE212',
20 verbose headers   vary: 'Accept-Encoding' }
21 silly get cb [ 200,
21 silly get   { server: 'CouchDB/1.5.0 (Erlang OTP/R16B03)',
21 silly get     etag: '"1UGI7TPB4VIS2A5VHO4WVNO6X"',
21 silly get     'content-type': 'application/json',
21 silly get     'cache-control': 'max-age=300',
21 silly get     'content-length': '16078',
21 silly get     'accept-ranges': 'bytes',
21 silly get     date: 'Sun, 24 Apr 2016 18:39:53 GMT',
21 silly get     via: '1.1 varnish',
21 silly get     age: '0',
21 silly get     connection: 'keep-alive',
21 silly get     'x-served-by': 'cache-fra1245-FRA',
21 silly get     'x-cache': 'MISS',
21 silly get     'x-cache-hits': '0',
21 silly get     'x-timer': 'S1461523193.195479,VS0,VE212',
21 silly get     vary: 'Accept-Encoding' } ]
22 verbose get saving bootstrap-material-design to C:\Users\Nada\AppData\Roaming\npm-cache\registry.npmjs.org\bootstrap-material-design\.cache.json
23 verbose correctMkdir C:\Users\Nada\AppData\Roaming\npm-cache correctMkdir not in flight; initializing
24 silly install normalizeTree
25 silly loadCurrentTree Finishing
26 silly loadIdealTree Starting
27 silly install loadIdealTree
28 silly cloneCurrentTree Starting
29 silly install cloneCurrentTreeToIdealTree
30 silly cloneCurrentTree Finishing
31 silly loadShrinkwrap Starting
32 silly install loadShrinkwrap
33 silly loadShrinkwrap Finishing
34 silly loadAllDepsIntoIdealTree Starting
35 silly install loadAllDepsIntoIdealTree
36 silly resolveWithNewModule bootstrap-material-design@4.0.1 checking installable status
37 silly cache add args [ 'bootstrap-material-design', null ]
38 verbose cache add spec bootstrap-material-design
39 silly cache add parsed spec Result {
39 silly cache add   raw: 'bootstrap-material-design',
39 silly cache add   scope: null,
39 silly cache add   name: 'bootstrap-material-design',
39 silly cache add   rawSpec: '',
39 silly cache add   spec: 'latest',
39 silly cache add   type: 'tag' }
40 silly addNamed bootstrap-material-design@latest
41 verbose addNamed "latest" is being treated as a dist-tag for bootstrap-material-design
42 info addNameTag [ 'bootstrap-material-design', 'latest' ]
43 silly mapToRegistry name bootstrap-material-design
44 silly mapToRegistry using default registry
45 silly mapToRegistry registry https://registry.npmjs.org/
46 silly mapToRegistry data Result {
46 silly mapToRegistry   raw: 'bootstrap-material-design',
46 silly mapToRegistry   scope: null,
46 silly mapToRegistry   name: 'bootstrap-material-design',
46 silly mapToRegistry   rawSpec: '',
46 silly mapToRegistry   spec: 'latest',
46 silly mapToRegistry   type: 'tag' }
47 silly mapToRegistry uri https://registry.npmjs.org/bootstrap-material-design
48 verbose addNameTag registry:https://registry.npmjs.org/bootstrap-material-design not in flight; fetching
49 verbose get https://registry.npmjs.org/bootstrap-material-design not expired, no request
50 silly addNameTag next cb for bootstrap-material-design with tag latest
51 silly addNamed bootstrap-material-design@4.0.1
52 verbose addNamed "4.0.1" is a plain semver version for bootstrap-material-design
53 silly mapToRegistry name bootstrap-material-design
54 silly mapToRegistry using default registry
55 silly mapToRegistry registry https://registry.npmjs.org/
56 silly mapToRegistry data Result {
56 silly mapToRegistry   raw: 'bootstrap-material-design',
56 silly mapToRegistry   scope: null,
56 silly mapToRegistry   name: 'bootstrap-material-design',
56 silly mapToRegistry   rawSpec: '',
56 silly mapToRegistry   spec: 'latest',
56 silly mapToRegistry   type: 'tag' }
57 silly mapToRegistry uri https://registry.npmjs.org/bootstrap-material-design
58 verbose addRemoteTarball https://registry.npmjs.org/bootstrap-material-design/-/bootstrap-material-design-4.0.1.tgz not in flight; adding
59 verbose addRemoteTarball [ 'https://registry.npmjs.org/bootstrap-material-design/-/bootstrap-material-design-4.0.1.tgz',
59 verbose addRemoteTarball   'f903157c54ba9c31e760be30d5d60d412102ee2f' ]
60 info retry fetch attempt 1 at 8:39:51 PM
61 info attempt registry request try #1 at 8:39:51 PM
62 http fetch GET https://registry.npmjs.org/bootstrap-material-design/-/bootstrap-material-design-4.0.1.tgz
63 http fetch 200 https://registry.npmjs.org/bootstrap-material-design/-/bootstrap-material-design-4.0.1.tgz
64 silly fetchAndShaCheck shasum f903157c54ba9c31e760be30d5d60d412102ee2f
65 verbose addTmpTarball C:\Users\Nada\AppData\Local\Temp\npm-7136-91ab9fe9\registry.npmjs.org\bootstrap-material-design\-\bootstrap-material-design-4.0.1.tgz not in flight; adding
66 verbose addTmpTarball already have metadata; skipping unpack for bootstrap-material-design@4.0.1
67 verbose correctMkdir C:\Users\Nada\AppData\Roaming\npm-cache correctMkdir not in flight; initializing
68 silly cache afterAdd bootstrap-material-design@4.0.1
69 verbose afterAdd C:\Users\Nada\AppData\Roaming\npm-cache\bootstrap-material-design\4.0.1\package\package.json not in flight; writing
70 verbose correctMkdir C:\Users\Nada\AppData\Roaming\npm-cache correctMkdir not in flight; initializing
71 verbose afterAdd C:\Users\Nada\AppData\Roaming\npm-cache\bootstrap-material-design\4.0.1\package\package.json written
72 silly fetchNamedPackageData jquery
73 silly mapToRegistry name jquery
74 silly mapToRegistry using default registry
75 silly mapToRegistry registry https://registry.npmjs.org/
76 silly mapToRegistry data Result {
76 silly mapToRegistry   raw: 'jquery',
76 silly mapToRegistry   scope: null,
76 silly mapToRegistry   name: 'jquery',
76 silly mapToRegistry   rawSpec: '',
76 silly mapToRegistry   spec: 'latest',
76 silly mapToRegistry   type: 'tag' }
77 silly mapToRegistry uri https://registry.npmjs.org/jquery
78 silly fetchNamedPackageData tether
79 silly mapToRegistry name tether
80 silly mapToRegistry using default registry
81 silly mapToRegistry registry https://registry.npmjs.org/
82 silly mapToRegistry data Result {
82 silly mapToRegistry   raw: 'tether',
82 silly mapToRegistry   scope: null,
82 silly mapToRegistry   name: 'tether',
82 silly mapToRegistry   rawSpec: '',
82 silly mapToRegistry   spec: 'latest',
82 silly mapToRegistry   type: 'tag' }
83 silly mapToRegistry uri https://registry.npmjs.org/tether
84 silly fetchOtherPackageData bootstrap@github:twbs/bootstrap#v4-dev
85 silly cache add args [ 'bootstrap@github:twbs/bootstrap#v4-dev', null ]
86 verbose cache add spec bootstrap@github:twbs/bootstrap#v4-dev
87 verbose request uri https://registry.npmjs.org/jquery
88 verbose request no auth needed
89 info attempt registry request try #1 at 8:39:52 PM
90 http request GET https://registry.npmjs.org/jquery
91 verbose request uri https://registry.npmjs.org/tether
92 verbose request no auth needed
93 info attempt registry request try #1 at 8:39:52 PM
94 http request GET https://registry.npmjs.org/tether
95 silly cache add parsed spec Result {
95 silly cache add   raw: 'bootstrap@github:twbs/bootstrap#v4-dev',
95 silly cache add   scope: null,
95 silly cache add   name: 'bootstrap',
95 silly cache add   rawSpec: 'github:twbs/bootstrap#v4-dev',
95 silly cache add   spec: 'github:twbs/bootstrap#v4-dev',
95 silly cache add   type: 'hosted',
95 silly cache add   hosted:
95 silly cache add    { type: 'github',
95 silly cache add      ssh: 'git@github.com:twbs/bootstrap.git#v4-dev',
95 silly cache add      sshUrl: 'git+ssh://git@github.com/twbs/bootstrap.git#v4-dev',
95 silly cache add      httpsUrl: 'git+https://github.com/twbs/bootstrap.git#v4-dev',
95 silly cache add      gitUrl: 'git://github.com/twbs/bootstrap.git#v4-dev',
95 silly cache add      shortcut: 'github:twbs/bootstrap#v4-dev',
95 silly cache add      directUrl: 'https://raw.githubusercontent.com/twbs/bootstrap/v4-dev/package.json' } }
96 verbose addRemoteGit caching github:twbs/bootstrap#v4-dev
97 verbose addRemoteGit twbs/bootstrap#v4-dev is a repository hosted by github
98 silly tryGitProto attempting to clone git://github.com/twbs/bootstrap.git#v4-dev
99 silly tryClone cloning twbs/bootstrap#v4-dev via git://github.com/twbs/bootstrap.git#v4-dev
100 verbose tryClone git-github-com-twbs-bootstrap-git-v4-dev-846cfaf9 not in flight; caching
101 verbose correctMkdir C:\Users\Nada\AppData\Roaming\npm-cache\_git-remotes correctMkdir not in flight; initializing
102 verbose makeDirectory C:\Users\Nada\AppData\Roaming\npm-cache\_git-remotes creation not in flight; initializing
103 verbose makeCacheDir UID & GID are irrelevant on win32
104 http 200 https://registry.npmjs.org/jquery
105 verbose headers { server: 'CouchDB/1.5.0 (Erlang OTP/R16B03)',
105 verbose headers   etag: '"EFCGTWJGB51JDQEBWAS88W93X"',
105 verbose headers   'content-type': 'application/json',
105 verbose headers   'content-encoding': 'gzip',
105 verbose headers   'cache-control': 'max-age=300',
105 verbose headers   'content-length': '9843',
105 verbose headers   'accept-ranges': 'bytes',
105 verbose headers   date: 'Sun, 24 Apr 2016 18:39:54 GMT',
105 verbose headers   via: '1.1 varnish',
105 verbose headers   age: '103',
105 verbose headers   connection: 'keep-alive',
105 verbose headers   'x-served-by': 'cache-fra1245-FRA',
105 verbose headers   'x-cache': 'HIT',
105 verbose headers   'x-cache-hits': '1',
105 verbose headers   'x-timer': 'S1461523194.170780,VS0,VE0',
105 verbose headers   vary: 'Accept-Encoding' }
106 silly get cb [ 200,
106 silly get   { server: 'CouchDB/1.5.0 (Erlang OTP/R16B03)',
106 silly get     etag: '"EFCGTWJGB51JDQEBWAS88W93X"',
106 silly get     'content-type': 'application/json',
106 silly get     'content-encoding': 'gzip',
106 silly get     'cache-control': 'max-age=300',
106 silly get     'content-length': '9843',
106 silly get     'accept-ranges': 'bytes',
106 silly get     date: 'Sun, 24 Apr 2016 18:39:54 GMT',
106 silly get     via: '1.1 varnish',
106 silly get     age: '103',
106 silly get     connection: 'keep-alive',
106 silly get     'x-served-by': 'cache-fra1245-FRA',
106 silly get     'x-cache': 'HIT',
106 silly get     'x-cache-hits': '1',
106 silly get     'x-timer': 'S1461523194.170780,VS0,VE0',
106 silly get     vary: 'Accept-Encoding' } ]
107 verbose get saving jquery to C:\Users\Nada\AppData\Roaming\npm-cache\registry.npmjs.org\jquery\.cache.json
108 verbose correctMkdir C:\Users\Nada\AppData\Roaming\npm-cache correctMkdir not in flight; initializing
109 silly resolveWithNewModule jquery@2.2.3 checking installable status
110 silly cache add args [ 'jquery@^2.2', null ]
111 verbose cache add spec jquery@^2.2
112 silly cache add parsed spec Result {
112 silly cache add   raw: 'jquery@^2.2',
112 silly cache add   scope: null,
112 silly cache add   name: 'jquery',
112 silly cache add   rawSpec: '^2.2',
112 silly cache add   spec: '>=2.2.0 <3.0.0',
112 silly cache add   type: 'range' }
113 silly addNamed jquery@>=2.2.0 <3.0.0
114 verbose addNamed ">=2.2.0 <3.0.0" is a valid semver range for jquery
115 silly addNameRange { name: 'jquery', range: '>=2.2.0 <3.0.0', hasData: false }
116 silly mapToRegistry name jquery
117 silly mapToRegistry using default registry
118 silly mapToRegistry registry https://registry.npmjs.org/
119 silly mapToRegistry data Result {
119 silly mapToRegistry   raw: 'jquery',
119 silly mapToRegistry   scope: null,
119 silly mapToRegistry   name: 'jquery',
119 silly mapToRegistry   rawSpec: '',
119 silly mapToRegistry   spec: 'latest',
119 silly mapToRegistry   type: 'tag' }
120 silly mapToRegistry uri https://registry.npmjs.org/jquery
121 verbose addNameRange registry:https://registry.npmjs.org/jquery not in flight; fetching
122 verbose get https://registry.npmjs.org/jquery not expired, no request
123 silly addNameRange number 2 { name: 'jquery', range: '>=2.2.0 <3.0.0', hasData: true }
124 silly addNameRange versions [ 'jquery',
124 silly addNameRange   [ '1.5.1',
124 silly addNameRange     '1.6.2',
124 silly addNameRange     '1.6.3',
124 silly addNameRange     '1.7.2',
124 silly addNameRange     '1.7.3',
124 silly addNameRange     '1.8.2',
124 silly addNameRange     '1.8.3',
124 silly addNameRange     '2.1.0-beta2',
124 silly addNameRange     '2.1.0-beta3',
124 silly addNameRange     '1.11.0-beta3',
124 silly addNameRange     '1.11.0-rc1',
124 silly addNameRange     '2.1.0-rc1',
124 silly addNameRange     '1.11.0',
124 silly addNameRange     '2.1.0',
124 silly addNameRange     '2.1.1-beta1',
124 silly addNameRange     '1.11.1-beta1',
124 silly addNameRange     '2.1.1-rc1',
124 silly addNameRange     '1.11.1-rc1',
124 silly addNameRange     '2.1.1-rc2',
124 silly addNameRange     '1.11.1-rc2',
124 silly addNameRange     '2.1.1',
124 silly addNameRange     '1.11.1',
124 silly addNameRange     '1.9.1',
124 silly addNameRange     '2.1.2',
124 silly addNameRange     '1.11.2',
124 silly addNameRange     '2.1.3',
124 silly addNameRange     '2.1.4',
124 silly addNameRange     '1.11.3',
124 silly addNameRange     '3.0.0-alpha1',
124 silly addNameRange     '1.12.0',
124 silly addNameRange     '2.2.0',
124 silly addNameRange     '3.0.0-beta1',
124 silly addNameRange     '1.12.1',
124 silly addNameRange     '2.2.1',
124 silly addNameRange     '1.12.2',
124 silly addNameRange     '2.2.2',
124 silly addNameRange     '1.12.3',
124 silly addNameRange     '2.2.3' ] ]
125 silly addNamed jquery@2.2.3
126 verbose addNamed "2.2.3" is a plain semver version for jquery
127 silly mapToRegistry name jquery
128 silly mapToRegistry using default registry
129 silly mapToRegistry registry https://registry.npmjs.org/
130 silly mapToRegistry data Result {
130 silly mapToRegistry   raw: 'jquery',
130 silly mapToRegistry   scope: null,
130 silly mapToRegistry   name: 'jquery',
130 silly mapToRegistry   rawSpec: '',
130 silly mapToRegistry   spec: 'latest',
130 silly mapToRegistry   type: 'tag' }
131 silly mapToRegistry uri https://registry.npmjs.org/jquery
132 verbose addRemoteTarball https://registry.npmjs.org/jquery/-/jquery-2.2.3.tgz not in flight; adding
133 verbose addRemoteTarball [ 'https://registry.npmjs.org/jquery/-/jquery-2.2.3.tgz',
133 verbose addRemoteTarball   '45e07e4190334de36c9e1a64b43b1f1373d91758' ]
134 info retry fetch attempt 1 at 8:39:52 PM
135 info attempt registry request try #1 at 8:39:52 PM
136 http fetch GET https://registry.npmjs.org/jquery/-/jquery-2.2.3.tgz
137 verbose git clone --template=C:\Users\Nada\AppData\Roaming\npm-cache\_git-remotes\_templates --mirror git://github.com/twbs/bootstrap.git C:\Users\Nada\AppData\Roaming\npm-cache\_git-remotes\git-github-com-twbs-bootstrap-git-v4-dev-846cfaf9: undefined
137 verbose git clone --template=C:\Users\Nada\AppData\Roaming\npm-cache\_git-remotes\_templates --mirror git://github.com/twbs/bootstrap.git C:\Users\Nada\AppData\Roaming\npm-cache\_git-remotes\git-github-com-twbs-bootstrap-git-v4-dev-846cfaf9: undefined
138 silly tryHTTPS attempting to clone git+https://github.com/twbs/bootstrap.git#v4-dev
139 silly tryClone cloning twbs/bootstrap#v4-dev via git+https://github.com/twbs/bootstrap.git#v4-dev
140 verbose tryClone git-https-github-com-twbs-bootstrap-git-v4-dev-78465f40 not in flight; caching
141 verbose correctMkdir C:\Users\Nada\AppData\Roaming\npm-cache\_git-remotes correctMkdir not in flight; initializing
142 verbose git clone --template=C:\Users\Nada\AppData\Roaming\npm-cache\_git-remotes\_templates --mirror https://github.com/twbs/bootstrap.git C:\Users\Nada\AppData\Roaming\npm-cache\_git-remotes\git-https-github-com-twbs-bootstrap-git-v4-dev-78465f40: undefined
142 verbose git clone --template=C:\Users\Nada\AppData\Roaming\npm-cache\_git-remotes\_templates --mirror https://github.com/twbs/bootstrap.git C:\Users\Nada\AppData\Roaming\npm-cache\_git-remotes\git-https-github-com-twbs-bootstrap-git-v4-dev-78465f40: undefined
143 silly trySSH attempting to clone git@github.com:twbs/bootstrap.git#v4-dev
144 silly tryClone cloning twbs/bootstrap#v4-dev via git@github.com:twbs/bootstrap.git#v4-dev
145 verbose tryClone git-github-com-twbs-bootstrap-git-v4-dev-c1f61652 not in flight; caching
146 verbose correctMkdir C:\Users\Nada\AppData\Roaming\npm-cache\_git-remotes correctMkdir not in flight; initializing
147 http fetch 200 https://registry.npmjs.org/jquery/-/jquery-2.2.3.tgz
148 error git clone --template=C:\Users\Nada\AppData\Roaming\npm-cache\_git-remotes\_templates --mirror git@github.com:twbs/bootstrap.git C:\Users\Nada\AppData\Roaming\npm-cache\_git-remotes\git-github-com-twbs-bootstrap-git-v4-dev-c1f61652: undefined
148 error git clone --template=C:\Users\Nada\AppData\Roaming\npm-cache\_git-remotes\_templates --mirror git@github.com:twbs/bootstrap.git C:\Users\Nada\AppData\Roaming\npm-cache\_git-remotes\git-github-com-twbs-bootstrap-git-v4-dev-c1f61652: undefined
149 silly fetchPackageMetaData Error: not found: git
149 silly fetchPackageMetaData     at F (C:\Program Files\nodejs\node_modules\npm\node_modules\which\which.js:63:19)
149 silly fetchPackageMetaData     at E (C:\Program Files\nodejs\node_modules\npm\node_modules\which\which.js:72:29)
149 silly fetchPackageMetaData     at C:\Program Files\nodejs\node_modules\npm\node_modules\which\which.js:81:16
149 silly fetchPackageMetaData     at C:\Program Files\nodejs\node_modules\npm\node_modules\which\node_modules\isexe\index.js:44:5
149 silly fetchPackageMetaData     at C:\Program Files\nodejs\node_modules\npm\node_modules\which\node_modules\isexe\windows.js:29:5
149 silly fetchPackageMetaData     at FSReqWrap.oncomplete (fs.js:82:15)
149 silly fetchPackageMetaData  error for bootstrap@github:twbs/bootstrap#v4-dev { [Error: not found: git] code: 'ENOGIT' }
150 silly fetchAndShaCheck shasum 45e07e4190334de36c9e1a64b43b1f1373d91758
151 verbose addTmpTarball C:\Users\Nada\AppData\Local\Temp\npm-7136-91ab9fe9\registry.npmjs.org\jquery\-\jquery-2.2.3.tgz not in flight; adding
152 verbose addTmpTarball already have metadata; skipping unpack for jquery@2.2.3
153 verbose correctMkdir C:\Users\Nada\AppData\Roaming\npm-cache correctMkdir not in flight; initializing
154 silly cache afterAdd jquery@2.2.3
155 verbose afterAdd C:\Users\Nada\AppData\Roaming\npm-cache\jquery\2.2.3\package\package.json not in flight; writing
156 verbose correctMkdir C:\Users\Nada\AppData\Roaming\npm-cache correctMkdir not in flight; initializing
157 verbose afterAdd C:\Users\Nada\AppData\Roaming\npm-cache\jquery\2.2.3\package\package.json written
158 http 200 https://registry.npmjs.org/tether
159 verbose headers { server: 'CouchDB/1.5.0 (Erlang OTP/R16B03)',
159 verbose headers   etag: '"8Y90TI5UI1Y5VHUAB85X5H93S"',
159 verbose headers   'content-type': 'application/json',
159 verbose headers   'cache-control': 'max-age=300',
159 verbose headers   'content-length': '27598',
159 verbose headers   'accept-ranges': 'bytes',
159 verbose headers   date: 'Sun, 24 Apr 2016 18:39:54 GMT',
159 verbose headers   via: '1.1 varnish',
159 verbose headers   age: '0',
159 verbose headers   connection: 'keep-alive',
159 verbose headers   'x-served-by': 'cache-fra1233-FRA',
159 verbose headers   'x-cache': 'MISS',
159 verbose headers   'x-cache-hits': '0',
159 verbose headers   'x-timer': 'S1461523194.241311,VS0,VE516',
159 verbose headers   vary: 'Accept-Encoding' }
160 silly get cb [ 200,
160 silly get   { server: 'CouchDB/1.5.0 (Erlang OTP/R16B03)',
160 silly get     etag: '"8Y90TI5UI1Y5VHUAB85X5H93S"',
160 silly get     'content-type': 'application/json',
160 silly get     'cache-control': 'max-age=300',
160 silly get     'content-length': '27598',
160 silly get     'accept-ranges': 'bytes',
160 silly get     date: 'Sun, 24 Apr 2016 18:39:54 GMT',
160 silly get     via: '1.1 varnish',
160 silly get     age: '0',
160 silly get     connection: 'keep-alive',
160 silly get     'x-served-by': 'cache-fra1233-FRA',
160 silly get     'x-cache': 'MISS',
160 silly get     'x-cache-hits': '0',
160 silly get     'x-timer': 'S1461523194.241311,VS0,VE516',
160 silly get     vary: 'Accept-Encoding' } ]
161 verbose get saving tether to C:\Users\Nada\AppData\Roaming\npm-cache\registry.npmjs.org\tether\.cache.json
162 verbose correctMkdir C:\Users\Nada\AppData\Roaming\npm-cache correctMkdir not in flight; initializing
163 silly resolveWithNewModule tether@1.2.4 checking installable status
164 silly cache add args [ 'tether@^1.2.0', null ]
165 verbose cache add spec tether@^1.2.0
166 silly cache add parsed spec Result {
166 silly cache add   raw: 'tether@^1.2.0',
166 silly cache add   scope: null,
166 silly cache add   name: 'tether',
166 silly cache add   rawSpec: '^1.2.0',
166 silly cache add   spec: '>=1.2.0 <2.0.0',
166 silly cache add   type: 'range' }
167 silly addNamed tether@>=1.2.0 <2.0.0
168 verbose addNamed ">=1.2.0 <2.0.0" is a valid semver range for tether
169 silly addNameRange { name: 'tether', range: '>=1.2.0 <2.0.0', hasData: false }
170 silly mapToRegistry name tether
171 silly mapToRegistry using default registry
172 silly mapToRegistry registry https://registry.npmjs.org/
173 silly mapToRegistry data Result {
173 silly mapToRegistry   raw: 'tether',
173 silly mapToRegistry   scope: null,
173 silly mapToRegistry   name: 'tether',
173 silly mapToRegistry   rawSpec: '',
173 silly mapToRegistry   spec: 'latest',
173 silly mapToRegistry   type: 'tag' }
174 silly mapToRegistry uri https://registry.npmjs.org/tether
175 verbose addNameRange registry:https://registry.npmjs.org/tether not in flight; fetching
176 verbose get https://registry.npmjs.org/tether not expired, no request
177 silly addNameRange number 2 { name: 'tether', range: '>=1.2.0 <2.0.0', hasData: true }
178 silly addNameRange versions [ 'tether',
178 silly addNameRange   [ '0.5.2',
178 silly addNameRange     '0.6.5',
178 silly addNameRange     '0.7.1',
178 silly addNameRange     '0.7.2',
178 silly addNameRange     '1.0.0',
178 silly addNameRange     '1.0.1',
178 silly addNameRange     '1.0.2',
178 silly addNameRange     '1.0.3',
178 silly addNameRange     '1.1.0',
178 silly addNameRange     '1.1.1',
178 silly addNameRange     '1.2.0',
178 silly addNameRange     '1.2.2',
178 silly addNameRange     '1.2.3',
178 silly addNameRange     '1.3.0',
178 silly addNameRange     '1.3.1',
178 silly addNameRange     '1.2.4' ] ]
179 silly addNamed tether@1.2.4
180 verbose addNamed "1.2.4" is a plain semver version for tether
181 silly mapToRegistry name tether
182 silly mapToRegistry using default registry
183 silly mapToRegistry registry https://registry.npmjs.org/
184 silly mapToRegistry data Result {
184 silly mapToRegistry   raw: 'tether',
184 silly mapToRegistry   scope: null,
184 silly mapToRegistry   name: 'tether',
184 silly mapToRegistry   rawSpec: '',
184 silly mapToRegistry   spec: 'latest',
184 silly mapToRegistry   type: 'tag' }
185 silly mapToRegistry uri https://registry.npmjs.org/tether
186 verbose addRemoteTarball https://registry.npmjs.org/tether/-/tether-1.2.4.tgz not in flight; adding
187 verbose addRemoteTarball [ 'https://registry.npmjs.org/tether/-/tether-1.2.4.tgz',
187 verbose addRemoteTarball   '8ee96d998ef2a1946f8275afc99dc438e0fedb23' ]
188 info retry fetch attempt 1 at 8:39:53 PM
189 info attempt registry request try #1 at 8:39:53 PM
190 http fetch GET https://registry.npmjs.org/tether/-/tether-1.2.4.tgz
191 http fetch 200 https://registry.npmjs.org/tether/-/tether-1.2.4.tgz
192 silly fetchAndShaCheck shasum 8ee96d998ef2a1946f8275afc99dc438e0fedb23
193 verbose addTmpTarball C:\Users\Nada\AppData\Local\Temp\npm-7136-91ab9fe9\registry.npmjs.org\tether\-\tether-1.2.4.tgz not in flight; adding
194 verbose addTmpTarball already have metadata; skipping unpack for tether@1.2.4
195 verbose correctMkdir C:\Users\Nada\AppData\Roaming\npm-cache correctMkdir not in flight; initializing
196 silly cache afterAdd tether@1.2.4
197 verbose afterAdd C:\Users\Nada\AppData\Roaming\npm-cache\tether\1.2.4\package\package.json not in flight; writing
198 verbose correctMkdir C:\Users\Nada\AppData\Roaming\npm-cache correctMkdir not in flight; initializing
199 verbose afterAdd C:\Users\Nada\AppData\Roaming\npm-cache\tether\1.2.4\package\package.json written
200 silly rollbackFailedOptional Starting
201 silly rollbackFailedOptional Finishing
202 silly runTopLevelLifecycles Starting
203 silly runTopLevelLifecycles Finishing
204 silly install printInstalled
205 verbose stack Error: not found: git
205 verbose stack     at F (C:\Program Files\nodejs\node_modules\npm\node_modules\which\which.js:63:19)
205 verbose stack     at E (C:\Program Files\nodejs\node_modules\npm\node_modules\which\which.js:72:29)
205 verbose stack     at C:\Program Files\nodejs\node_modules\npm\node_modules\which\which.js:81:16
205 verbose stack     at C:\Program Files\nodejs\node_modules\npm\node_modules\which\node_modules\isexe\index.js:44:5
205 verbose stack     at C:\Program Files\nodejs\node_modules\npm\node_modules\which\node_modules\isexe\windows.js:29:5
205 verbose stack     at FSReqWrap.oncomplete (fs.js:82:15)
206 verbose cwd C:\wamp\www\laravel
207 error Windows_NT 10.0.10586
208 error argv "C:\\Program Files\\nodejs\\node.exe" "C:\\Program Files\\nodejs\\node_modules\\npm\\bin\\npm-cli.js" "install" "bootstrap-material-design"
209 error node v5.11.0
210 error npm  v3.8.6
211 error code ENOGIT
212 error not found: git
213 error Failed using git.
213 error This is most likely not a problem with npm itself.
213 error Please check if you have git installed and in your PATH.
214 verbose exit [ 1, true ]
